# JRE version: OpenJDK Runtime Environment (8.0_202-b03) (build 1.8.0_202-release-1483-b03)
# Java VM: OpenJDK 64-Bit Server VM (25.202-b03 mixed mode windows-amd64 compressed oops)
Heap:
 PSYoungGen      total 234496K, used 46205K [0x00000000e0000000, 0x00000000f3800000, 0x0000000100000000)
  eden space 170496K, 7% used [0x00000000e0000000,0x00000000e0bf67e8,0x00000000ea680000)
  from space 64000K, 53% used [0x00000000ee800000,0x00000000f0928ec0,0x00000000f2680000)
  to   space 67072K, 0% used [0x00000000ea680000,0x00000000ea680000,0x00000000ee800000)
 ParOldGen       total 293888K, used 135817K [0x00000000a0000000, 0x00000000b1f00000, 0x00000000e0000000)
  object space 293888K, 46% used [0x00000000a0000000,0x00000000a84a2668,0x00000000b1f00000)
 Metaspace       used 84974K, capacity 89016K, committed 89112K, reserved 1126400K
  class space    used 11230K, capacity 12039K, committed 12072K, reserved 1048576K
GC Heap History (10 events):
Event: 73.331 GC heap before
{Heap before GC invocations=26 (full 4):
 PSYoungGen      total 170496K, used 140800K [0x00000000e0000000, 0x00000000f1200000, 0x0000000100000000)
  eden space 140800K, 100% used [0x00000000e0000000,0x00000000e8980000,0x00000000e8980000)
  from space 29696K, 0% used [0x00000000e8980000,0x00000000e8980000,0x00000000ea680000)
  to   space 60416K, 0% used [0x00000000ed700000,0x00000000ed700000,0x00000000f1200000)
 ParOldGen       total 293888K, used 117319K [0x00000000a0000000, 0x00000000b1f00000, 0x00000000e0000000)
  object space 293888K, 39% used [0x00000000a0000000,0x00000000a7291dd0,0x00000000b1f00000)
 Metaspace       used 74579K, capacity 77400K, committed 77848K, reserved 1116160K
  class space    used 9787K, capacity 10421K, committed 10536K, reserved 1048576K
Event: 73.364 GC heap after
Heap after GC invocations=26 (full 4):
 PSYoungGen      total 209920K, used 59864K [0x00000000e0000000, 0x00000000f2800000, 0x0000000100000000)
  eden space 149504K, 0% used [0x00000000e0000000,0x00000000e0000000,0x00000000e9200000)
  from space 60416K, 99% used [0x00000000ed700000,0x00000000f1176060,0x00000000f1200000)
  to   space 70656K, 0% used [0x00000000e9200000,0x00000000e9200000,0x00000000ed700000)
 ParOldGen       total 293888K, used 135759K [0x00000000a0000000, 0x00000000b1f00000, 0x00000000e0000000)
  object space 293888K, 46% used [0x00000000a0000000,0x00000000a8493df0,0x00000000b1f00000)
 Metaspace       used 74579K, capacity 77400K, committed 77848K, reserved 1116160K
  class space    used 9787K, capacity 10421K, committed 10536K, reserved 1048576K
}
Event: 84.214 GC heap before
{Heap before GC invocations=27 (full 4):
 PSYoungGen      total 209920K, used 209368K [0x00000000e0000000, 0x00000000f2800000, 0x0000000100000000)
  eden space 149504K, 100% used [0x00000000e0000000,0x00000000e9200000,0x00000000e9200000)
  from space 60416K, 99% used [0x00000000ed700000,0x00000000f1176060,0x00000000f1200000)
  to   space 70656K, 0% used [0x00000000e9200000,0x00000000e9200000,0x00000000ed700000)
 ParOldGen       total 293888K, used 135785K [0x00000000a0000000, 0x00000000b1f00000, 0x00000000e0000000)
  object space 293888K, 46% used [0x00000000a0000000,0x00000000a849a668,0x00000000b1f00000)
 Metaspace       used 76081K, capacity 79064K, committed 79256K, reserved 1118208K
  class space    used 9953K, capacity 10611K, committed 10664K, reserved 1048576K
Event: 84.228 GC heap after
Heap after GC invocations=27 (full 4):
 PSYoungGen      total 220160K, used 7216K [0x00000000e0000000, 0x00000000f2b80000, 0x0000000100000000)
  eden space 149504K, 0% used [0x00000000e0000000,0x00000000e0000000,0x00000000e9200000)
  from space 70656K, 10% used [0x00000000e9200000,0x00000000e990c258,0x00000000ed700000)
  to   space 69120K, 0% used [0x00000000ee800000,0x00000000ee800000,0x00000000f2b80000)
 ParOldGen       total 293888K, used 135793K [0x00000000a0000000, 0x00000000b1f00000, 0x00000000e0000000)
  object space 293888K, 46% used [0x00000000a0000000,0x00000000a849c668,0x00000000b1f00000)
 Metaspace       used 76081K, capacity 79064K, committed 79256K, reserved 1118208K
  class space    used 9953K, capacity 10611K, committed 10664K, reserved 1048576K
}
Event: 86.919 GC heap before
{Heap before GC invocations=28 (full 4):
 PSYoungGen      total 220160K, used 156712K [0x00000000e0000000, 0x00000000f2b80000, 0x0000000100000000)
  eden space 149504K, 99% used [0x00000000e0000000,0x00000000e91fe188,0x00000000e9200000)
  from space 70656K, 10% used [0x00000000e9200000,0x00000000e990c258,0x00000000ed700000)
  to   space 69120K, 0% used [0x00000000ee800000,0x00000000ee800000,0x00000000f2b80000)
 ParOldGen       total 293888K, used 135793K [0x00000000a0000000, 0x00000000b1f00000, 0x00000000e0000000)
  object space 293888K, 46% used [0x00000000a0000000,0x00000000a849c668,0x00000000b1f00000)
 Metaspace       used 79021K, capacity 82318K, committed 82584K, reserved 1120256K
  class space    used 10349K, capacity 11054K, committed 11176K, reserved 1048576K
Event: 86.953 GC heap after
Heap after GC invocations=28 (full 4):
 PSYoungGen      total 231424K, used 29935K [0x00000000e0000000, 0x00000000f2680000, 0x0000000100000000)
  eden space 167424K, 0% used [0x00000000e0000000,0x00000000e0000000,0x00000000ea380000)
  from space 64000K, 46% used [0x00000000ee800000,0x00000000f053bd70,0x00000000f2680000)
  to   space 67072K, 0% used [0x00000000ea380000,0x00000000ea380000,0x00000000ee500000)
 ParOldGen       total 293888K, used 135801K [0x00000000a0000000, 0x00000000b1f00000, 0x00000000e0000000)
  object space 293888K, 46% used [0x00000000a0000000,0x00000000a849e668,0x00000000b1f00000)
 Metaspace       used 79021K, capacity 82318K, committed 82584K, reserved 1120256K
  class space    used 10349K, capacity 11054K, committed 11176K, reserved 1048576K
}
Event: 88.649 GC heap before
{Heap before GC invocations=29 (full 4):
 PSYoungGen      total 231424K, used 197359K [0x00000000e0000000, 0x00000000f2680000, 0x0000000100000000)
  eden space 167424K, 100% used [0x00000000e0000000,0x00000000ea380000,0x00000000ea380000)
  from space 64000K, 46% used [0x00000000ee800000,0x00000000f053bd70,0x00000000f2680000)
  to   space 67072K, 0% used [0x00000000ea380000,0x00000000ea380000,0x00000000ee500000)
 ParOldGen       total 293888K, used 135801K [0x00000000a0000000, 0x00000000b1f00000, 0x00000000e0000000)
  object space 293888K, 46% used [0x00000000a0000000,0x00000000a849e668,0x00000000b1f00000)
 Metaspace       used 84714K, capacity 88734K, committed 88856K, reserved 1126400K
  class space    used 11213K, capacity 12020K, committed 12072K, reserved 1048576K
Event: 88.692 GC heap after
Heap after GC invocations=29 (full 4):
 PSYoungGen      total 234496K, used 38806K [0x00000000e0000000, 0x00000000f2680000, 0x0000000100000000)
  eden space 167424K, 0% used [0x00000000e0000000,0x00000000e0000000,0x00000000ea380000)
  from space 67072K, 57% used [0x00000000ea380000,0x00000000ec965a80,0x00000000ee500000)
  to   space 64000K, 0% used [0x00000000ee800000,0x00000000ee800000,0x00000000f2680000)
 ParOldGen       total 293888K, used 135809K [0x00000000a0000000, 0x00000000b1f00000, 0x00000000e0000000)
  object space 293888K, 46% used [0x00000000a0000000,0x00000000a84a0668,0x00000000b1f00000)
 Metaspace       used 84714K, capacity 88734K, committed 88856K, reserved 1126400K
  class space    used 11213K, capacity 12020K, committed 12072K, reserved 1048576K
}
Event: 89.477 GC heap before
{Heap before GC invocations=30 (full 4):
 PSYoungGen      total 234496K, used 206230K [0x00000000e0000000, 0x00000000f2680000, 0x0000000100000000)
  eden space 167424K, 100% used [0x00000000e0000000,0x00000000ea380000,0x00000000ea380000)
  from space 67072K, 57% used [0x00000000ea380000,0x00000000ec965a80,0x00000000ee500000)
  to   space 64000K, 0% used [0x00000000ee800000,0x00000000ee800000,0x00000000f2680000)
 ParOldGen       total 293888K, used 135809K [0x00000000a0000000, 0x00000000b1f00000, 0x00000000e0000000)
  object space 293888K, 46% used [0x00000000a0000000,0x00000000a84a0668,0x00000000b1f00000)
 Metaspace       used 84969K, capacity 89016K, committed 89112K, reserved 1126400K
  class space    used 11230K, capacity 12039K, committed 12072K, reserved 1048576K
Event: 89.501 GC heap after
Heap after GC invocations=30 (full 4):
 PSYoungGen      total 234496K, used 33955K [0x00000000e0000000, 0x00000000f3800000, 0x0000000100000000)
  eden space 170496K, 0% used [0x00000000e0000000,0x00000000e0000000,0x00000000ea680000)
  from space 64000K, 53% used [0x00000000ee800000,0x00000000f0928ec0,0x00000000f2680000)
  to   space 67072K, 0% used [0x00000000ea680000,0x00000000ea680000,0x00000000ee800000)
 ParOldGen       total 293888K, used 135817K [0x00000000a0000000, 0x00000000b1f00000, 0x00000000e0000000)
  object space 293888K, 46% used [0x00000000a0000000,0x00000000a84a2668,0x00000000b1f00000)
 Metaspace       used 84969K, capacity 89016K, committed 89112K, reserved 1126400K
  class space    used 11230K, capacity 12039K, committed 12072K, reserved 1048576K
}

