# JRE version: OpenJDK Runtime Environment (8.0_202-b03) (build 1.8.0_202-release-1483-b03)
# Java VM: OpenJDK 64-Bit Server VM (25.202-b03 mixed mode windows-amd64 compressed oops)
Heap:
 PSYoungGen      total 343552K, used 50171K [0x00000000e0000000, 0x00000000f7400000, 0x0000000100000000)
  eden space 308736K, 8% used [0x00000000e0000000,0x00000000e1958338,0x00000000f2d80000)
  from space 34816K, 69% used [0x00000000f2d80000,0x00000000f45269a8,0x00000000f4f80000)
  to   space 32768K, 0% used [0x00000000f4f80000,0x00000000f4f80000,0x00000000f6f80000)
 ParOldGen       total 141824K, used 96423K [0x00000000a0000000, 0x00000000a8a80000, 0x00000000e0000000)
  object space 141824K, 67% used [0x00000000a0000000,0x00000000a5e29d88,0x00000000a8a80000)
 Metaspace       used 78688K, capacity 81918K, committed 82008K, reserved 1120256K
  class space    used 10424K, capacity 11088K, committed 11136K, reserved 1048576K
GC Heap History (10 events):
Event: 30.682 GC heap before
{Heap before GC invocations=22 (full 3):
 PSYoungGen      total 287232K, used 272117K [0x00000000e0000000, 0x00000000f3900000, 0x0000000100000000)
  eden space 257536K, 100% used [0x00000000e0000000,0x00000000efb80000,0x00000000efb80000)
  from space 29696K, 49% used [0x00000000f1780000,0x00000000f25bd678,0x00000000f3480000)
  to   space 28672K, 0% used [0x00000000efb80000,0x00000000efb80000,0x00000000f1780000)
 ParOldGen       total 141824K, used 86914K [0x00000000a0000000, 0x00000000a8a80000, 0x00000000e0000000)
  object space 141824K, 61% used [0x00000000a0000000,0x00000000a54e0bc0,0x00000000a8a80000)
 Metaspace       used 78253K, capacity 81578K, committed 81752K, reserved 1120256K
  class space    used 10397K, capacity 11052K, committed 11136K, reserved 1048576K
Event: 30.721 GC heap after
Heap after GC invocations=22 (full 3):
 PSYoungGen      total 286208K, used 17541K [0x00000000e0000000, 0x00000000f3900000, 0x0000000100000000)
  eden space 257536K, 0% used [0x00000000e0000000,0x00000000e0000000,0x00000000efb80000)
  from space 28672K, 61% used [0x00000000efb80000,0x00000000f0ca1698,0x00000000f1780000)
  to   space 29696K, 0% used [0x00000000f1780000,0x00000000f1780000,0x00000000f3480000)
 ParOldGen       total 141824K, used 86922K [0x00000000a0000000, 0x00000000a8a80000, 0x00000000e0000000)
  object space 141824K, 61% used [0x00000000a0000000,0x00000000a54e2bc0,0x00000000a8a80000)
 Metaspace       used 78253K, capacity 81578K, committed 81752K, reserved 1120256K
  class space    used 10397K, capacity 11052K, committed 11136K, reserved 1048576K
}
Event: 31.520 GC heap before
{Heap before GC invocations=23 (full 3):
 PSYoungGen      total 286208K, used 275077K [0x00000000e0000000, 0x00000000f3900000, 0x0000000100000000)
  eden space 257536K, 100% used [0x00000000e0000000,0x00000000efb80000,0x00000000efb80000)
  from space 28672K, 61% used [0x00000000efb80000,0x00000000f0ca1698,0x00000000f1780000)
  to   space 29696K, 0% used [0x00000000f1780000,0x00000000f1780000,0x00000000f3480000)
 ParOldGen       total 141824K, used 86922K [0x00000000a0000000, 0x00000000a8a80000, 0x00000000e0000000)
  object space 141824K, 61% used [0x00000000a0000000,0x00000000a54e2bc0,0x00000000a8a80000)
 Metaspace       used 78416K, capacity 81646K, committed 81752K, reserved 1120256K
  class space    used 10400K, capacity 11052K, committed 11136K, reserved 1048576K
Event: 31.558 GC heap after
Heap after GC invocations=23 (full 3):
 PSYoungGen      total 287232K, used 20149K [0x00000000e0000000, 0x00000000f3900000, 0x0000000100000000)
  eden space 257536K, 0% used [0x00000000e0000000,0x00000000e0000000,0x00000000efb80000)
  from space 29696K, 67% used [0x00000000f1780000,0x00000000f2b2d628,0x00000000f3480000)
  to   space 28672K, 0% used [0x00000000efb80000,0x00000000efb80000,0x00000000f1780000)
 ParOldGen       total 141824K, used 86930K [0x00000000a0000000, 0x00000000a8a80000, 0x00000000e0000000)
  object space 141824K, 61% used [0x00000000a0000000,0x00000000a54e4bc0,0x00000000a8a80000)
 Metaspace       used 78416K, capacity 81646K, committed 81752K, reserved 1120256K
  class space    used 10400K, capacity 11052K, committed 11136K, reserved 1048576K
}
Event: 32.244 GC heap before
{Heap before GC invocations=24 (full 3):
 PSYoungGen      total 287232K, used 277685K [0x00000000e0000000, 0x00000000f3900000, 0x0000000100000000)
  eden space 257536K, 100% used [0x00000000e0000000,0x00000000efb80000,0x00000000efb80000)
  from space 29696K, 67% used [0x00000000f1780000,0x00000000f2b2d628,0x00000000f3480000)
  to   space 28672K, 0% used [0x00000000efb80000,0x00000000efb80000,0x00000000f1780000)
 ParOldGen       total 141824K, used 86930K [0x00000000a0000000, 0x00000000a8a80000, 0x00000000e0000000)
  object space 141824K, 61% used [0x00000000a0000000,0x00000000a54e4bc0,0x00000000a8a80000)
 Metaspace       used 78535K, capacity 81734K, committed 82008K, reserved 1120256K
  class space    used 10408K, capacity 11054K, committed 11136K, reserved 1048576K
Event: 32.290 GC heap after
Heap after GC invocations=24 (full 3):
 PSYoungGen      total 286208K, used 27196K [0x00000000e0000000, 0x00000000f6f80000, 0x0000000100000000)
  eden space 257536K, 0% used [0x00000000e0000000,0x00000000e0000000,0x00000000efb80000)
  from space 28672K, 94% used [0x00000000efb80000,0x00000000f160f290,0x00000000f1780000)
  to   space 32768K, 0% used [0x00000000f4f80000,0x00000000f4f80000,0x00000000f6f80000)
 ParOldGen       total 141824K, used 90187K [0x00000000a0000000, 0x00000000a8a80000, 0x00000000e0000000)
  object space 141824K, 63% used [0x00000000a0000000,0x00000000a5812d38,0x00000000a8a80000)
 Metaspace       used 78535K, capacity 81734K, committed 82008K, reserved 1120256K
  class space    used 10408K, capacity 11054K, committed 11136K, reserved 1048576K
}
Event: 33.065 GC heap before
{Heap before GC invocations=25 (full 3):
 PSYoungGen      total 286208K, used 284732K [0x00000000e0000000, 0x00000000f6f80000, 0x0000000100000000)
  eden space 257536K, 100% used [0x00000000e0000000,0x00000000efb80000,0x00000000efb80000)
  from space 28672K, 94% used [0x00000000efb80000,0x00000000f160f290,0x00000000f1780000)
  to   space 32768K, 0% used [0x00000000f4f80000,0x00000000f4f80000,0x00000000f6f80000)
 ParOldGen       total 141824K, used 90187K [0x00000000a0000000, 0x00000000a8a80000, 0x00000000e0000000)
  object space 141824K, 63% used [0x00000000a0000000,0x00000000a5812d38,0x00000000a8a80000)
 Metaspace       used 78660K, capacity 81918K, committed 82008K, reserved 1120256K
  class space    used 10422K, capacity 11088K, committed 11136K, reserved 1048576K
Event: 33.104 GC heap after
Heap after GC invocations=25 (full 3):
 PSYoungGen      total 341504K, used 26358K [0x00000000e0000000, 0x00000000f7400000, 0x0000000100000000)
  eden space 308736K, 0% used [0x00000000e0000000,0x00000000e0000000,0x00000000f2d80000)
  from space 32768K, 80% used [0x00000000f4f80000,0x00000000f693d8c0,0x00000000f6f80000)
  to   space 34816K, 0% used [0x00000000f2d80000,0x00000000f2d80000,0x00000000f4f80000)
 ParOldGen       total 141824K, used 94227K [0x00000000a0000000, 0x00000000a8a80000, 0x00000000e0000000)
  object space 141824K, 66% used [0x00000000a0000000,0x00000000a5c04d68,0x00000000a8a80000)
 Metaspace       used 78660K, capacity 81918K, committed 82008K, reserved 1120256K
  class space    used 10422K, capacity 11088K, committed 11136K, reserved 1048576K
}
Event: 34.152 GC heap before
{Heap before GC invocations=26 (full 3):
 PSYoungGen      total 341504K, used 335094K [0x00000000e0000000, 0x00000000f7400000, 0x0000000100000000)
  eden space 308736K, 100% used [0x00000000e0000000,0x00000000f2d80000,0x00000000f2d80000)
  from space 32768K, 80% used [0x00000000f4f80000,0x00000000f693d8c0,0x00000000f6f80000)
  to   space 34816K, 0% used [0x00000000f2d80000,0x00000000f2d80000,0x00000000f4f80000)
 ParOldGen       total 141824K, used 94227K [0x00000000a0000000, 0x00000000a8a80000, 0x00000000e0000000)
  object space 141824K, 66% used [0x00000000a0000000,0x00000000a5c04d68,0x00000000a8a80000)
 Metaspace       used 78688K, capacity 81918K, committed 82008K, reserved 1120256K
  class space    used 10424K, capacity 11088K, committed 11136K, reserved 1048576K
Event: 34.193 GC heap after
Heap after GC invocations=26 (full 3):
 PSYoungGen      total 343552K, used 24218K [0x00000000e0000000, 0x00000000f7400000, 0x0000000100000000)
  eden space 308736K, 0% used [0x00000000e0000000,0x00000000e0000000,0x00000000f2d80000)
  from space 34816K, 69% used [0x00000000f2d80000,0x00000000f45269a8,0x00000000f4f80000)
  to   space 32768K, 0% used [0x00000000f4f80000,0x00000000f4f80000,0x00000000f6f80000)
 ParOldGen       total 141824K, used 96423K [0x00000000a0000000, 0x00000000a8a80000, 0x00000000e0000000)
  object space 141824K, 67% used [0x00000000a0000000,0x00000000a5e29d88,0x00000000a8a80000)
 Metaspace       used 78688K, capacity 81918K, committed 82008K, reserved 1120256K
  class space    used 10424K, capacity 11088K, committed 11136K, reserved 1048576K
}

