# JRE version: OpenJDK Runtime Environment (8.0_202-b03) (build 1.8.0_202-release-1483-b03)
# Java VM: OpenJDK 64-Bit Server VM (25.202-b03 mixed mode windows-amd64 compressed oops)
Heap:
 PSYoungGen      total 172544K, used 34526K [0x00000000e0000000, 0x00000000ef280000, 0x0000000100000000)
  eden space 111616K, 25% used [0x00000000e0000000,0x00000000e1c34700,0x00000000e6d00000)
  from space 60928K, 9% used [0x00000000e6d00000,0x00000000e7283388,0x00000000ea880000)
  to   space 58880K, 0% used [0x00000000eb900000,0x00000000eb900000,0x00000000ef280000)
 ParOldGen       total 318464K, used 154633K [0x00000000a0000000, 0x00000000b3700000, 0x00000000e0000000)
  object space 318464K, 48% used [0x00000000a0000000,0x00000000a9702538,0x00000000b3700000)
 Metaspace       used 84968K, capacity 88476K, committed 88792K, reserved 1126400K
  class space    used 10914K, capacity 11670K, committed 11776K, reserved 1048576K
GC Heap History (10 events):
Event: 1180.624 GC heap before
{Heap before GC invocations=27 (full 3):
 PSYoungGen      total 139264K, used 136459K [0x00000000e0000000, 0x00000000ebd00000, 0x0000000100000000)
  eden space 105984K, 100% used [0x00000000e0000000,0x00000000e6780000,0x00000000e6780000)
  from space 33280K, 91% used [0x00000000e6780000,0x00000000e8542c70,0x00000000e8800000)
  to   space 37376K, 0% used [0x00000000e9880000,0x00000000e9880000,0x00000000ebd00000)
 ParOldGen       total 154624K, used 70950K [0x00000000a0000000, 0x00000000a9700000, 0x00000000e0000000)
  object space 154624K, 45% used [0x00000000a0000000,0x00000000a45498d0,0x00000000a9700000)
 Metaspace       used 82076K, capacity 85516K, committed 85592K, reserved 1124352K
  class space    used 10620K, capacity 11332K, committed 11392K, reserved 1048576K
Event: 1180.689 GC heap after
Heap after GC invocations=27 (full 3):
 PSYoungGen      total 131072K, used 37356K [0x00000000e0000000, 0x00000000efe00000, 0x0000000100000000)
  eden space 93696K, 0% used [0x00000000e0000000,0x00000000e0000000,0x00000000e5b80000)
  from space 37376K, 99% used [0x00000000e9880000,0x00000000ebcfb128,0x00000000ebd00000)
  to   space 62464K, 0% used [0x00000000e5b80000,0x00000000e5b80000,0x00000000e9880000)
 ParOldGen       total 154624K, used 122845K [0x00000000a0000000, 0x00000000a9700000, 0x00000000e0000000)
  object space 154624K, 79% used [0x00000000a0000000,0x00000000a77f7428,0x00000000a9700000)
 Metaspace       used 82076K, capacity 85516K, committed 85592K, reserved 1124352K
  class space    used 10620K, capacity 11332K, committed 11392K, reserved 1048576K
}
Event: 1181.665 GC heap before
{Heap before GC invocations=28 (full 4):
 PSYoungGen      total 131072K, used 119990K [0x00000000e0000000, 0x00000000efe00000, 0x0000000100000000)
  eden space 93696K, 88% used [0x00000000e0000000,0x00000000e50b2a80,0x00000000e5b80000)
  from space 37376K, 99% used [0x00000000e9880000,0x00000000ebcfb128,0x00000000ebd00000)
  to   space 62464K, 0% used [0x00000000e5b80000,0x00000000e5b80000,0x00000000e9880000)
 ParOldGen       total 154624K, used 139229K [0x00000000a0000000, 0x00000000a9700000, 0x00000000e0000000)
  object space 154624K, 90% used [0x00000000a0000000,0x00000000a87f7438,0x00000000a9700000)
 Metaspace       used 82520K, capacity 86026K, committed 86104K, reserved 1124352K
  class space    used 10648K, capacity 11369K, committed 11392K, reserved 1048576K
Event: 1182.100 GC heap after
Heap after GC invocations=28 (full 4):
 PSYoungGen      total 131072K, used 0K [0x00000000e0000000, 0x00000000efe00000, 0x0000000100000000)
  eden space 93696K, 0% used [0x00000000e0000000,0x00000000e0000000,0x00000000e5b80000)
  from space 37376K, 0% used [0x00000000e9880000,0x00000000e9880000,0x00000000ebd00000)
  to   space 62464K, 0% used [0x00000000e5b80000,0x00000000e5b80000,0x00000000e9880000)
 ParOldGen       total 318464K, used 153795K [0x00000000a0000000, 0x00000000b3700000, 0x00000000e0000000)
  object space 318464K, 48% used [0x00000000a0000000,0x00000000a9630ec8,0x00000000b3700000)
 Metaspace       used 82438K, capacity 85812K, committed 86104K, reserved 1124352K
  class space    used 10627K, capacity 11344K, committed 11392K, reserved 1048576K
}
Event: 1184.235 GC heap before
{Heap before GC invocations=29 (full 4):
 PSYoungGen      total 131072K, used 93696K [0x00000000e0000000, 0x00000000efe00000, 0x0000000100000000)
  eden space 93696K, 100% used [0x00000000e0000000,0x00000000e5b80000,0x00000000e5b80000)
  from space 37376K, 0% used [0x00000000e9880000,0x00000000e9880000,0x00000000ebd00000)
  to   space 62464K, 0% used [0x00000000e5b80000,0x00000000e5b80000,0x00000000e9880000)
 ParOldGen       total 318464K, used 153917K [0x00000000a0000000, 0x00000000b3700000, 0x00000000e0000000)
  object space 318464K, 48% used [0x00000000a0000000,0x00000000a964f770,0x00000000b3700000)
 Metaspace       used 82452K, capacity 85812K, committed 86104K, reserved 1124352K
  class space    used 10627K, capacity 11344K, committed 11392K, reserved 1048576K
Event: 1184.240 GC heap after
Heap after GC invocations=29 (full 4):
 PSYoungGen      total 156160K, used 928K [0x00000000e0000000, 0x00000000ee780000, 0x0000000100000000)
  eden space 93696K, 0% used [0x00000000e0000000,0x00000000e0000000,0x00000000e5b80000)
  from space 62464K, 1% used [0x00000000e5b80000,0x00000000e5c68010,0x00000000e9880000)
  to   space 61952K, 0% used [0x00000000eab00000,0x00000000eab00000,0x00000000ee780000)
 ParOldGen       total 318464K, used 153925K [0x00000000a0000000, 0x00000000b3700000, 0x00000000e0000000)
  object space 318464K, 48% used [0x00000000a0000000,0x00000000a9651770,0x00000000b3700000)
 Metaspace       used 82452K, capacity 85812K, committed 86104K, reserved 1124352K
  class space    used 10627K, capacity 11344K, committed 11392K, reserved 1048576K
}
Event: 1189.969 GC heap before
{Heap before GC invocations=30 (full 4):
 PSYoungGen      total 156160K, used 94624K [0x00000000e0000000, 0x00000000ee780000, 0x0000000100000000)
  eden space 93696K, 100% used [0x00000000e0000000,0x00000000e5b80000,0x00000000e5b80000)
  from space 62464K, 1% used [0x00000000e5b80000,0x00000000e5c68010,0x00000000e9880000)
  to   space 61952K, 0% used [0x00000000eab00000,0x00000000eab00000,0x00000000ee780000)
 ParOldGen       total 318464K, used 153929K [0x00000000a0000000, 0x00000000b3700000, 0x00000000e0000000)
  object space 318464K, 48% used [0x00000000a0000000,0x00000000a9652538,0x00000000b3700000)
 Metaspace       used 82749K, capacity 86064K, committed 86360K, reserved 1124352K
  class space    used 10656K, capacity 11354K, committed 11392K, reserved 1048576K
Event: 1189.976 GC heap after
Heap after GC invocations=30 (full 4):
 PSYoungGen      total 169984K, used 5133K [0x00000000e0000000, 0x00000000ee400000, 0x0000000100000000)
  eden space 111616K, 0% used [0x00000000e0000000,0x00000000e0000000,0x00000000e6d00000)
  from space 58368K, 8% used [0x00000000eab00000,0x00000000eb003630,0x00000000ee400000)
  to   space 60928K, 0% used [0x00000000e6d00000,0x00000000e6d00000,0x00000000ea880000)
 ParOldGen       total 318464K, used 153937K [0x00000000a0000000, 0x00000000b3700000, 0x00000000e0000000)
  object space 318464K, 48% used [0x00000000a0000000,0x00000000a9654538,0x00000000b3700000)
 Metaspace       used 82749K, capacity 86064K, committed 86360K, reserved 1124352K
  class space    used 10656K, capacity 11354K, committed 11392K, reserved 1048576K
}
Event: 1212.955 GC heap before
{Heap before GC invocations=31 (full 4):
 PSYoungGen      total 169984K, used 116749K [0x00000000e0000000, 0x00000000ee400000, 0x0000000100000000)
  eden space 111616K, 100% used [0x00000000e0000000,0x00000000e6d00000,0x00000000e6d00000)
  from space 58368K, 8% used [0x00000000eab00000,0x00000000eb003630,0x00000000ee400000)
  to   space 60928K, 0% used [0x00000000e6d00000,0x00000000e6d00000,0x00000000ea880000)
 ParOldGen       total 318464K, used 153937K [0x00000000a0000000, 0x00000000b3700000, 0x00000000e0000000)
  object space 318464K, 48% used [0x00000000a0000000,0x00000000a9654538,0x00000000b3700000)
 Metaspace       used 84422K, capacity 87740K, committed 87896K, reserved 1126400K
  class space    used 10855K, capacity 11574K, committed 11648K, reserved 1048576K
Event: 1212.969 GC heap after
Heap after GC invocations=31 (full 4):
 PSYoungGen      total 172544K, used 5644K [0x00000000e0000000, 0x00000000ef280000, 0x0000000100000000)
  eden space 111616K, 0% used [0x00000000e0000000,0x00000000e0000000,0x00000000e6d00000)
  from space 60928K, 9% used [0x00000000e6d00000,0x00000000e7283388,0x00000000ea880000)
  to   space 58880K, 0% used [0x00000000eb900000,0x00000000eb900000,0x00000000ef280000)
 ParOldGen       total 318464K, used 154633K [0x00000000a0000000, 0x00000000b3700000, 0x00000000e0000000)
  object space 318464K, 48% used [0x00000000a0000000,0x00000000a9702538,0x00000000b3700000)
 Metaspace       used 84422K, capacity 87740K, committed 87896K, reserved 1126400K
  class space    used 10855K, capacity 11574K, committed 11648K, reserved 1048576K
}

