# JRE version: OpenJDK Runtime Environment (8.0_202-b03) (build 1.8.0_202-release-1483-b03)
# Java VM: OpenJDK 64-Bit Server VM (25.202-b03 mixed mode windows-amd64 compressed oops)
Heap:
 PSYoungGen      total 487936K, used 76065K [0x00000000e0000000, 0x0000000100000000, 0x0000000100000000)
  eden space 458752K, 10% used [0x00000000e0000000,0x00000000e2dd28c0,0x00000000fc000000)
  from space 29184K, 99% used [0x00000000fc000000,0x00000000fdc75d08,0x00000000fdc80000)
  to   space 35840K, 0% used [0x00000000fdd00000,0x00000000fdd00000,0x0000000100000000)
 ParOldGen       total 305152K, used 210850K [0x00000000a0000000, 0x00000000b2a00000, 0x00000000e0000000)
  object space 305152K, 69% used [0x00000000a0000000,0x00000000acde88a0,0x00000000b2a00000)
 Metaspace       used 99999K, capacity 105148K, committed 105432K, reserved 1140736K
  class space    used 12786K, capacity 13771K, committed 13824K, reserved 1048576K
GC Heap History (10 events):
Event: 426.434 GC heap before
{Heap before GC invocations=45 (full 4):
 PSYoungGen      total 476672K, used 454530K [0x00000000e0000000, 0x00000000ff880000, 0x0000000100000000)
  eden space 444928K, 100% used [0x00000000e0000000,0x00000000fb280000,0x00000000fb280000)
  from space 31744K, 30% used [0x00000000fd980000,0x00000000fe2e0a38,0x00000000ff880000)
  to   space 35840K, 0% used [0x00000000fb280000,0x00000000fb280000,0x00000000fd580000)
 ParOldGen       total 305152K, used 178001K [0x00000000a0000000, 0x00000000b2a00000, 0x00000000e0000000)
  object space 305152K, 58% used [0x00000000a0000000,0x00000000aadd4740,0x00000000b2a00000)
 Metaspace       used 88581K, capacity 92358K, committed 92632K, reserved 1130496K
  class space    used 11235K, capacity 11941K, committed 12032K, reserved 1048576K
Event: 426.461 GC heap after
Heap after GC invocations=45 (full 4):
 PSYoungGen      total 480768K, used 16139K [0x00000000e0000000, 0x0000000100000000, 0x0000000100000000)
  eden space 444928K, 0% used [0x00000000e0000000,0x00000000e0000000,0x00000000fb280000)
  from space 35840K, 45% used [0x00000000fb280000,0x00000000fc242f58,0x00000000fd580000)
  to   space 33792K, 0% used [0x00000000fdf00000,0x00000000fdf00000,0x0000000100000000)
 ParOldGen       total 305152K, used 183153K [0x00000000a0000000, 0x00000000b2a00000, 0x00000000e0000000)
  object space 305152K, 60% used [0x00000000a0000000,0x00000000ab2dc740,0x00000000b2a00000)
 Metaspace       used 88581K, capacity 92358K, committed 92632K, reserved 1130496K
  class space    used 11235K, capacity 11941K, committed 12032K, reserved 1048576K
}
Event: 427.661 GC heap before
{Heap before GC invocations=46 (full 4):
 PSYoungGen      total 480768K, used 461067K [0x00000000e0000000, 0x0000000100000000, 0x0000000100000000)
  eden space 444928K, 100% used [0x00000000e0000000,0x00000000fb280000,0x00000000fb280000)
  from space 35840K, 45% used [0x00000000fb280000,0x00000000fc242f58,0x00000000fd580000)
  to   space 33792K, 0% used [0x00000000fdf00000,0x00000000fdf00000,0x0000000100000000)
 ParOldGen       total 305152K, used 183153K [0x00000000a0000000, 0x00000000b2a00000, 0x00000000e0000000)
  object space 305152K, 60% used [0x00000000a0000000,0x00000000ab2dc740,0x00000000b2a00000)
 Metaspace       used 88626K, capacity 92370K, committed 92632K, reserved 1130496K
  class space    used 11238K, capacity 11943K, committed 12032K, reserved 1048576K
Event: 427.688 GC heap after
Heap after GC invocations=46 (full 4):
 PSYoungGen      total 485376K, used 8256K [0x00000000e0000000, 0x00000000ffd00000, 0x0000000100000000)
  eden space 454656K, 0% used [0x00000000e0000000,0x00000000e0000000,0x00000000fbc00000)
  from space 30720K, 26% used [0x00000000fdf00000,0x00000000fe710030,0x00000000ffd00000)
  to   space 33280K, 0% used [0x00000000fbc00000,0x00000000fbc00000,0x00000000fdc80000)
 ParOldGen       total 305152K, used 197161K [0x00000000a0000000, 0x00000000b2a00000, 0x00000000e0000000)
  object space 305152K, 64% used [0x00000000a0000000,0x00000000ac08a7b0,0x00000000b2a00000)
 Metaspace       used 88626K, capacity 92370K, committed 92632K, reserved 1130496K
  class space    used 11238K, capacity 11943K, committed 12032K, reserved 1048576K
}
Event: 429.159 GC heap before
{Heap before GC invocations=47 (full 4):
 PSYoungGen      total 485376K, used 462912K [0x00000000e0000000, 0x00000000ffd00000, 0x0000000100000000)
  eden space 454656K, 100% used [0x00000000e0000000,0x00000000fbc00000,0x00000000fbc00000)
  from space 30720K, 26% used [0x00000000fdf00000,0x00000000fe710030,0x00000000ffd00000)
  to   space 33280K, 0% used [0x00000000fbc00000,0x00000000fbc00000,0x00000000fdc80000)
 ParOldGen       total 305152K, used 197161K [0x00000000a0000000, 0x00000000b2a00000, 0x00000000e0000000)
  object space 305152K, 64% used [0x00000000a0000000,0x00000000ac08a7b0,0x00000000b2a00000)
 Metaspace       used 88719K, capacity 92434K, committed 92632K, reserved 1130496K
  class space    used 11248K, capacity 11943K, committed 12032K, reserved 1048576K
Event: 429.198 GC heap after
Heap after GC invocations=47 (full 4):
 PSYoungGen      total 487936K, used 9680K [0x00000000e0000000, 0x0000000100000000, 0x0000000100000000)
  eden space 454656K, 0% used [0x00000000e0000000,0x00000000e0000000,0x00000000fbc00000)
  from space 33280K, 29% used [0x00000000fbc00000,0x00000000fc5740e0,0x00000000fdc80000)
  to   space 32256K, 0% used [0x00000000fe080000,0x00000000fe080000,0x0000000100000000)
 ParOldGen       total 305152K, used 201433K [0x00000000a0000000, 0x00000000b2a00000, 0x00000000e0000000)
  object space 305152K, 66% used [0x00000000a0000000,0x00000000ac4b67f0,0x00000000b2a00000)
 Metaspace       used 88719K, capacity 92434K, committed 92632K, reserved 1130496K
  class space    used 11248K, capacity 11943K, committed 12032K, reserved 1048576K
}
Event: 444.082 GC heap before
{Heap before GC invocations=48 (full 4):
 PSYoungGen      total 487936K, used 460679K [0x00000000e0000000, 0x0000000100000000, 0x0000000100000000)
  eden space 454656K, 99% used [0x00000000e0000000,0x00000000fb86ddc8,0x00000000fbc00000)
  from space 33280K, 29% used [0x00000000fbc00000,0x00000000fc5740e0,0x00000000fdc80000)
  to   space 32256K, 0% used [0x00000000fe080000,0x00000000fe080000,0x0000000100000000)
 ParOldGen       total 305152K, used 201433K [0x00000000a0000000, 0x00000000b2a00000, 0x00000000e0000000)
  object space 305152K, 66% used [0x00000000a0000000,0x00000000ac4b67f0,0x00000000b2a00000)
 Metaspace       used 89842K, capacity 93782K, committed 94040K, reserved 1130496K
  class space    used 11385K, capacity 12139K, committed 12160K, reserved 1048576K
Event: 444.108 GC heap after
Heap after GC invocations=48 (full 4):
 PSYoungGen      total 488960K, used 6818K [0x00000000e0000000, 0x00000000ffe00000, 0x0000000100000000)
  eden space 458752K, 0% used [0x00000000e0000000,0x00000000e0000000,0x00000000fc000000)
  from space 30208K, 22% used [0x00000000fe080000,0x00000000fe728820,0x00000000ffe00000)
  to   space 31744K, 0% used [0x00000000fc000000,0x00000000fc000000,0x00000000fdf00000)
 ParOldGen       total 305152K, used 209170K [0x00000000a0000000, 0x00000000b2a00000, 0x00000000e0000000)
  object space 305152K, 68% used [0x00000000a0000000,0x00000000acc44890,0x00000000b2a00000)
 Metaspace       used 89842K, capacity 93782K, committed 94040K, reserved 1130496K
  class space    used 11385K, capacity 12139K, committed 12160K, reserved 1048576K
}
Event: 507.780 GC heap before
{Heap before GC invocations=49 (full 4):
 PSYoungGen      total 488960K, used 465570K [0x00000000e0000000, 0x00000000ffe00000, 0x0000000100000000)
  eden space 458752K, 100% used [0x00000000e0000000,0x00000000fc000000,0x00000000fc000000)
  from space 30208K, 22% used [0x00000000fe080000,0x00000000fe728820,0x00000000ffe00000)
  to   space 31744K, 0% used [0x00000000fc000000,0x00000000fc000000,0x00000000fdf00000)
 ParOldGen       total 305152K, used 209170K [0x00000000a0000000, 0x00000000b2a00000, 0x00000000e0000000)
  object space 305152K, 68% used [0x00000000a0000000,0x00000000acc44890,0x00000000b2a00000)
 Metaspace       used 99865K, capacity 104886K, committed 105176K, reserved 1140736K
  class space    used 12779K, capacity 13759K, committed 13824K, reserved 1048576K
Event: 507.838 GC heap after
Heap after GC invocations=49 (full 4):
 PSYoungGen      total 487936K, used 29143K [0x00000000e0000000, 0x0000000100000000, 0x0000000100000000)
  eden space 458752K, 0% used [0x00000000e0000000,0x00000000e0000000,0x00000000fc000000)
  from space 29184K, 99% used [0x00000000fc000000,0x00000000fdc75d08,0x00000000fdc80000)
  to   space 35840K, 0% used [0x00000000fdd00000,0x00000000fdd00000,0x0000000100000000)
 ParOldGen       total 305152K, used 210850K [0x00000000a0000000, 0x00000000b2a00000, 0x00000000e0000000)
  object space 305152K, 69% used [0x00000000a0000000,0x00000000acde88a0,0x00000000b2a00000)
 Metaspace       used 99865K, capacity 104886K, committed 105176K, reserved 1140736K
  class space    used 12779K, capacity 13759K, committed 13824K, reserved 1048576K
}

